0 info it worked if it ends with ok
1 verbose cli [ '/usr/local/Cellar/node/7.4.0/bin/node',
1 verbose cli   '/usr/local/bin/npm',
1 verbose cli   'publish',
1 verbose cli   './' ]
2 info using npm@4.0.5
3 info using node@v7.4.0
4 verbose publish [ './' ]
5 silly cache add args [ './', null ]
6 verbose cache add spec ./
7 silly cache add parsed spec Result {
7 silly cache add   raw: './',
7 silly cache add   scope: null,
7 silly cache add   escapedName: null,
7 silly cache add   name: null,
7 silly cache add   rawSpec: './',
7 silly cache add   spec: '/Users/subji/Example/Nodebb/nodebb-plugin-session-login',
7 silly cache add   type: 'directory' }
8 verbose addLocalDirectory /Users/subji/.npm/nodebb-plugin-session-login/0.0.7/package.tgz not in flight; packing
9 verbose correctMkdir /Users/subji/.npm correctMkdir not in flight; initializing
10 info lifecycle nodebb-plugin-session-login@0.0.7~prepublish: nodebb-plugin-session-login@0.0.7
11 silly lifecycle nodebb-plugin-session-login@0.0.7~prepublish: no script for prepublish, continuing
12 info lifecycle nodebb-plugin-session-login@0.0.7~prepare: nodebb-plugin-session-login@0.0.7
13 silly lifecycle nodebb-plugin-session-login@0.0.7~prepare: no script for prepare, continuing
14 verbose tar pack [ '/Users/subji/.npm/nodebb-plugin-session-login/0.0.7/package.tgz',
14 verbose tar pack   '/Users/subji/Example/Nodebb/nodebb-plugin-session-login' ]
15 verbose tarball /Users/subji/.npm/nodebb-plugin-session-login/0.0.7/package.tgz
16 verbose folder /Users/subji/Example/Nodebb/nodebb-plugin-session-login
17 verbose addLocalTarball adding from inside cache /Users/subji/.npm/nodebb-plugin-session-login/0.0.7/package.tgz
18 verbose correctMkdir /Users/subji/.npm correctMkdir not in flight; initializing
19 silly cache afterAdd nodebb-plugin-session-login@0.0.7
20 verbose afterAdd /Users/subji/.npm/nodebb-plugin-session-login/0.0.7/package/package.json not in flight; writing
21 verbose correctMkdir /Users/subji/.npm correctMkdir not in flight; initializing
22 verbose afterAdd /Users/subji/.npm/nodebb-plugin-session-login/0.0.7/package/package.json written
23 silly publish { name: 'nodebb-plugin-session-login',
23 silly publish   version: '0.0.7',
23 silly publish   description: 'Example plugin for session login',
23 silly publish   main: 'none',
23 silly publish   scripts: { test: 'echo "Error: no test specified" && exit 1' },
23 silly publish   repository:
23 silly publish    { type: 'git',
23 silly publish      url: 'git+https://github.com/subji/nodebb-plugin-session-login.git' },
23 silly publish   author:
23 silly publish    { name: 'Jisub Park',
23 silly publish      email: 'qkrwlrjq@gmail.com',
23 silly publish      url: 'http://subji.github.io' },
23 silly publish   license: 'MIT',
23 silly publish   bugs: { url: 'https://github.com/subji/nodebb-plugin-session-login/issues' },
23 silly publish   homepage: 'https://github.com/subji/nodebb-plugin-session-login#readme',
23 silly publish   nbbpm: { compatibility: '~1.2.x' },
23 silly publish   dependencies: { winston: '^2.3.0' },
23 silly publish   readme: '# nodebb-plugin-session-login\n\n* Logged in with Session.\n\n## How to install:\n\n<pre><code> npm install nodebb-plugin-session-login </code></pre>\n\n## Data format: (Not fix yet)\n\n',
23 silly publish   readmeFilename: 'README.md',
23 silly publish   gitHead: 'e09b04593d68f03450b112bc21862ab2e93e54eb',
23 silly publish   _id: 'nodebb-plugin-session-login@0.0.7',
23 silly publish   _shasum: 'b25b5f56f8caf05044a9b37c56680d869b8769dc',
23 silly publish   _from: '.' }
24 info lifecycle nodebb-plugin-session-login@0.0.7~prepublishOnly: nodebb-plugin-session-login@0.0.7
25 silly lifecycle nodebb-plugin-session-login@0.0.7~prepublishOnly: no script for prepublishOnly, continuing
26 verbose getPublishConfig undefined
27 silly mapToRegistry name nodebb-plugin-session-login
28 silly mapToRegistry using default registry
29 silly mapToRegistry registry https://registry.npmjs.org/
30 silly mapToRegistry data Result {
30 silly mapToRegistry   raw: 'nodebb-plugin-session-login',
30 silly mapToRegistry   scope: null,
30 silly mapToRegistry   escapedName: 'nodebb-plugin-session-login',
30 silly mapToRegistry   name: 'nodebb-plugin-session-login',
30 silly mapToRegistry   rawSpec: '',
30 silly mapToRegistry   spec: 'latest',
30 silly mapToRegistry   type: 'tag' }
31 silly mapToRegistry uri https://registry.npmjs.org/nodebb-plugin-session-login
32 verbose publish registryBase https://registry.npmjs.org/
33 silly publish uploading /Users/subji/.npm/nodebb-plugin-session-login/0.0.7/package.tgz
34 verbose request uri https://registry.npmjs.org/nodebb-plugin-session-login
35 verbose request sending authorization for write operation
36 info attempt registry request try #1 at 13:52:44
37 verbose request using bearer token for auth
38 verbose request id 6668b9b3f00fc8e9
39 http request PUT https://registry.npmjs.org/nodebb-plugin-session-login
40 http 403 https://registry.npmjs.org/nodebb-plugin-session-login
41 verbose headers { 'content-type': 'application/json',
41 verbose headers   'cache-control': 'max-age=300',
41 verbose headers   'content-length': '95',
41 verbose headers   'accept-ranges': 'bytes',
41 verbose headers   date: 'Wed, 05 Apr 2017 04:52:45 GMT',
41 verbose headers   via: '1.1 varnish',
41 verbose headers   connection: 'keep-alive',
41 verbose headers   'x-served-by': 'cache-nrt6121-NRT',
41 verbose headers   'x-cache': 'MISS',
41 verbose headers   'x-cache-hits': '0',
41 verbose headers   'x-timer': 'S1491367965.182100,VS0,VE537',
41 verbose headers   vary: 'Accept-Encoding' }
42 verbose request invalidating /Users/subji/.npm/registry.npmjs.org/nodebb-plugin-session-login on PUT
43 error publish Failed PUT 403
44 verbose stack Error: "You cannot publish over the previously published version 0.0.7." : nodebb-plugin-session-login
44 verbose stack     at makeError (/usr/local/lib/node_modules/npm/node_modules/npm-registry-client/lib/request.js:302:12)
44 verbose stack     at CachingRegistryClient.<anonymous> (/usr/local/lib/node_modules/npm/node_modules/npm-registry-client/lib/request.js:290:14)
44 verbose stack     at Request._callback (/usr/local/lib/node_modules/npm/node_modules/npm-registry-client/lib/request.js:210:14)
44 verbose stack     at Request.self.callback (/usr/local/lib/node_modules/npm/node_modules/request/request.js:186:22)
44 verbose stack     at emitTwo (events.js:106:13)
44 verbose stack     at Request.emit (events.js:191:7)
44 verbose stack     at Request.<anonymous> (/usr/local/lib/node_modules/npm/node_modules/request/request.js:1081:10)
44 verbose stack     at emitOne (events.js:96:13)
44 verbose stack     at Request.emit (events.js:188:7)
44 verbose stack     at IncomingMessage.<anonymous> (/usr/local/lib/node_modules/npm/node_modules/request/request.js:1001:12)
45 verbose statusCode 403
46 verbose pkgid nodebb-plugin-session-login
47 verbose cwd /Users/subji/Example/Nodebb/nodebb-plugin-session-login
48 error Darwin 16.5.0
49 error argv "/usr/local/Cellar/node/7.4.0/bin/node" "/usr/local/bin/npm" "publish" "./"
50 error node v7.4.0
51 error npm  v4.0.5
52 error code E403
53 error "You cannot publish over the previously published version 0.0.7." : nodebb-plugin-session-login
54 error If you need help, you may report this error at:
54 error     <https://github.com/npm/npm/issues>
55 verbose exit [ 1, true ]
